Using bowtie2 at:  /software/spackages_v0_21_prod/apps/linux-ubuntu22.04-zen3/gcc-13.2.0/bowtie2-2.5.1-bmngtsvcxnlhqm23i3hz2jgazxfhxifh/bin/bowtie2
Using samtools at: /software/spackages_v0_21_prod/apps/linux-ubuntu22.04-zen3/gcc-13.2.0/samtools-1.17-ykvcolcgxphadz4q7mxs2gjdugirubdc/bin/samtools
samtools 1.17
Using htslib 1.17
Copyright (C) 2023 Genome Research Ltd.

Samtools compilation details:
    Features:       build=configure curses=yes 
    CC:             /users/er_hpc_build_v0_21/spack/lib/spack/env/gcc/gcc
    CPPFLAGS:       
    CFLAGS:         -Wall -g -O2
    LDFLAGS:        
    HTSDIR:         
    LIBS:           
    CURSES_LIB:     -lncursesw -ltinfow

HTSlib compilation details:
    Features:       build=configure libcurl=yes S3=yes GCS=yes libdeflate=yes lzma=yes bzip2=yes plugins=no htscodecs=1.4.0
    CC:             /users/er_hpc_build_v0_21/spack/lib/spack/env/gcc/gcc
    CPPFLAGS:       
    CFLAGS:         -Wall -g -O2 -fvisibility=hidden
    LDFLAGS:        -fvisibility=hidden 

HTSlib URL scheme handlers present:
    built-in:	 preload, data, file
    S3 Multipart Upload:	 s3w, s3w+https, s3w+http
    Amazon S3:	 s3+https, s3+http, s3
    Google Cloud Storage:	 gs+http, gs+https, gs
    libcurl:	 imaps, pop3, gophers, http, smb, gopher, ftps, imap, smtp, smtps, rtsp, ftp, telnet, mqtt, https, smbs, tftp, pop3s, dict
    crypt4gh-needed:	 crypt4gh
    mem:	 mem
Using RSEM reference: reference/yeast_rsem
Running RSEM on RAW SRR7059705 (SY14 R2)
bowtie2 -q --phred33 --sensitive --dpad 0 --gbar 99999999 --mp 1,1 --np 1 --score-min L,0,-0.1 -I 1 -X 1000 --no-mixed --no-discordant -p 4 -k 200 -x reference/yeast_rsem -1 raw_fastq/SRR7059705_1.fastq -2 raw_fastq/SRR7059705_2.fastq | samtools view -S -b -o rsem/SRR7059705_raw.temp/SRR7059705_raw.bam -
"bowtie2 -q --phred33 --sensitive --dpad 0 --gbar 99999999 --mp 1,1 --np 1 --score-min L,0,-0.1 -I 1 -X 1000 --no-mixed --no-discordant -p 4 -k 200 -x reference/yeast_rsem -1 raw_fastq/SRR7059705_1.fastq -2 raw_fastq/SRR7059705_2.fastq | samtools view -S -b -o rsem/SRR7059705_raw.temp/SRR7059705_raw.bam -" failed! Plase check if you provide correct parameters/options for the pipeline!
Running RSEM on RAW SRR7059706 (BY4742 R2)
bowtie2 -q --phred33 --sensitive --dpad 0 --gbar 99999999 --mp 1,1 --np 1 --score-min L,0,-0.1 -I 1 -X 1000 --no-mixed --no-discordant -p 4 -k 200 -x reference/yeast_rsem -1 raw_fastq/SRR7059706_1.fastq -2 raw_fastq/SRR7059706_2.fastq | samtools view -S -b -o rsem/SRR7059706_raw.temp/SRR7059706_raw.bam -
"bowtie2 -q --phred33 --sensitive --dpad 0 --gbar 99999999 --mp 1,1 --np 1 --score-min L,0,-0.1 -I 1 -X 1000 --no-mixed --no-discordant -p 4 -k 200 -x reference/yeast_rsem -1 raw_fastq/SRR7059706_1.fastq -2 raw_fastq/SRR7059706_2.fastq | samtools view -S -b -o rsem/SRR7059706_raw.temp/SRR7059706_raw.bam -" failed! Plase check if you provide correct parameters/options for the pipeline!
BAM alignment files
RSEM alignment + quantification finished
