Using genome:     Saccharomyces_cerevisiae.R64-1-1.dna.toplevel.fa
Using annotation: Saccharomyces_cerevisiae.R64-1-1.110.gtf
Starting
rsem-extract-reference-transcripts yeast_rsem 0 Saccharomyces_cerevisiae.R64-1-1.110.gtf None 0 Saccharomyces_cerevisiae.R64-1-1.dna.toplevel.fa
Parsing gtf File is done!
Saccharomyces_cerevisiae.R64-1-1.dna.toplevel.fa is processed!
7127 transcripts are extracted and 0 transcripts are omitted.
Extracting sequences is done!
Group File is generated!
Transcript Information File is generated!
Chromosome List File is generated!
Extracted Sequences File is generated!

rsem-preref yeast_rsem.transcripts.fa 1 yeast_rsem
Refs.makeRefs finished!
Refs.saveRefs finished!
yeast_rsem.idx.fa is generated!
yeast_rsem.n2g.idx.fa is generated!

bowtie2-build -f yeast_rsem.idx.fa yeast_rsem
Settings:
  Output files: "yeast_rsem.*.bt2"
  Line rate: 6 (line is 64 bytes)
  Lines per side: 1 (side is 64 bytes)
  Offset rate: 4 (one in 16)
  FTable chars: 10
  Strings: unpacked
  Max bucket size: default
  Max bucket size, sqrt multiplier: default
  Max bucket size, len divisor: 4
  Difference-cover sample period: 1024
  Endianness: little
  Actual local endianness: little
  Sanity checking: disabled
  Assertions: disabled
  Random seed: 0
  Sizeofs: void*:8, int:4, long:8, size_t:8
Input files DNA, FASTA:
  yeast_rsem.idx.fa
Reading reference sizes
  Time reading reference sizes: 00:00:00
Calculating joined length
Writing header
Reserving space for joined string
Joining reference sequences
  Time to join reference sequences: 00:00:00
bmax according to bmaxDivN setting: 2288080
Using parameters --bmax 1716060 --dcv 1024
  Doing ahead-of-time memory usage test
  Passed!  Constructing with these parameters: --bmax 1716060 --dcv 1024
Constructing suffix-array element generator
Building DifferenceCoverSample
  Building sPrime
  Building sPrimeOrder
  V-Sorting samples
  V-Sorting samples time: 00:00:00
  Allocating rank array
  Ranking v-sort output
  Ranking v-sort output time: 00:00:00
  Invoking Larsson-Sadakane on ranks
  Invoking Larsson-Sadakane on ranks time: 00:00:00
  Sanity-checking and returning
Building samples
Reserving space for 12 sample suffixes
Generating random suffixes
QSorting 12 sample offsets, eliminating duplicates
QSorting sample offsets, eliminating duplicates time: 00:00:00
Multikey QSorting 12 samples
  (Using difference cover)
  Multikey QSorting samples time: 00:00:00
Calculating bucket sizes
Splitting and merging
  Splitting and merging time: 00:00:00
Avg bucket size: 1.52539e+06 (target: 1716059)
Converting suffix-array elements to index image
Allocating ftab, absorbFtab
Entering Ebwt loop
Getting block 1 of 6
  Reserving size (1716060) for bucket 1
  Calculating Z arrays for bucket 1
  Entering block accumulator loop for bucket 1:
  bucket 1: 10%
  bucket 1: 20%
  bucket 1: 30%
  bucket 1: 40%
  bucket 1: 50%
  bucket 1: 60%
  bucket 1: 70%
  bucket 1: 80%
  bucket 1: 90%
  bucket 1: 100%
  Sorting block of length 1687058 for bucket 1
  (Using difference cover)
  Sorting block time: 00:00:01
Returning block of 1687059 for bucket 1
Getting block 2 of 6
  Reserving size (1716060) for bucket 2
  Calculating Z arrays for bucket 2
  Entering block accumulator loop for bucket 2:
  bucket 2: 10%
  bucket 2: 20%
  bucket 2: 30%
  bucket 2: 40%
  bucket 2: 50%
  bucket 2: 60%
  bucket 2: 70%
  bucket 2: 80%
  bucket 2: 90%
  bucket 2: 100%
  Sorting block of length 920563 for bucket 2
  (Using difference cover)
  Sorting block time: 00:00:00
Returning block of 920564 for bucket 2
Getting block 3 of 6
  Reserving size (1716060) for bucket 3
  Calculating Z arrays for bucket 3
  Entering block accumulator loop for bucket 3:
  bucket 3: 10%
  bucket 3: 20%
  bucket 3: 30%
  bucket 3: 40%
  bucket 3: 50%
  bucket 3: 60%
  bucket 3: 70%
  bucket 3: 80%
  bucket 3: 90%
  bucket 3: 100%
  Sorting block of length 1614693 for bucket 3
  (Using difference cover)
  Sorting block time: 00:00:01
Returning block of 1614694 for bucket 3
Getting block 4 of 6
  Reserving size (1716060) for bucket 4
  Calculating Z arrays for bucket 4
  Entering block accumulator loop for bucket 4:
  bucket 4: 10%
  bucket 4: 20%
  bucket 4: 30%
  bucket 4: 40%
  bucket 4: 50%
  bucket 4: 60%
  bucket 4: 70%
  bucket 4: 80%
  bucket 4: 90%
  bucket 4: 100%
  Sorting block of length 1598975 for bucket 4
  (Using difference cover)
  Sorting block time: 00:00:01
Returning block of 1598976 for bucket 4
Getting block 5 of 6
  Reserving size (1716060) for bucket 5
  Calculating Z arrays for bucket 5
  Entering block accumulator loop for bucket 5:
  bucket 5: 10%
  bucket 5: 20%
  bucket 5: 30%
  bucket 5: 40%
  bucket 5: 50%
  bucket 5: 60%
  bucket 5: 70%
  bucket 5: 80%
  bucket 5: 90%
  bucket 5: 100%
  Sorting block of length 1653965 for bucket 5
  (Using difference cover)
  Sorting block time: 00:00:00
Returning block of 1653966 for bucket 5
Getting block 6 of 6
  Reserving size (1716060) for bucket 6
  Calculating Z arrays for bucket 6
  Entering block accumulator loop for bucket 6:
  bucket 6: 10%
  bucket 6: 20%
  bucket 6: 30%
  bucket 6: 40%
  bucket 6: 50%
  bucket 6: 60%
  bucket 6: 70%
  bucket 6: 80%
  bucket 6: 90%
  bucket 6: 100%
  Sorting block of length 1677062 for bucket 6
  (Using difference cover)
  Sorting block time: 00:00:00
Returning block of 1677063 for bucket 6
Exited Ebwt loop
fchr[A]: 0
fchr[C]: 2981334
fchr[G]: 4741182
fchr[T]: 6609239
fchr[$]: 9152321
Exiting Ebwt::buildToDisk()
Returning from initFromVector
Wrote 7453026 bytes to primary EBWT file: yeast_rsem.1.bt2.tmp
Wrote 2288088 bytes to secondary EBWT file: yeast_rsem.2.bt2.tmp
Re-opening _in1 and _in2 as input streams
Returning from Ebwt constructor
Headers:
    len: 9152321
    bwtLen: 9152322
    sz: 2288081
    bwtSz: 2288081
    lineRate: 6
    offRate: 4
    offMask: 0xfffffff0
    ftabChars: 10
    eftabLen: 20
    eftabSz: 80
    ftabLen: 1048577
    ftabSz: 4194308
    offsLen: 572021
    offsSz: 2288084
    lineSz: 64
    sideSz: 64
    sideBwtSz: 48
    sideBwtLen: 192
    numSides: 47669
    numLines: 47669
    ebwtTotLen: 3050816
    ebwtTotSz: 3050816
    color: 0
    reverse: 0
Total time for call to driver() for forward index: 00:00:05
Reading reference sizes
  Time reading reference sizes: 00:00:00
Calculating joined length
Writing header
Reserving space for joined string
Joining reference sequences
  Time to join reference sequences: 00:00:00
  Time to reverse reference sequence: 00:00:00
bmax according to bmaxDivN setting: 2288080
Using parameters --bmax 1716060 --dcv 1024
  Doing ahead-of-time memory usage test
  Passed!  Constructing with these parameters: --bmax 1716060 --dcv 1024
Constructing suffix-array element generator
Building DifferenceCoverSample
  Building sPrime
  Building sPrimeOrder
  V-Sorting samples
  V-Sorting samples time: 00:00:00
  Allocating rank array
  Ranking v-sort output
  Ranking v-sort output time: 00:00:00
  Invoking Larsson-Sadakane on ranks
  Invoking Larsson-Sadakane on ranks time: 00:00:00
  Sanity-checking and returning
Building samples
Reserving space for 12 sample suffixes
Generating random suffixes
QSorting 12 sample offsets, eliminating duplicates
QSorting sample offsets, eliminating duplicates time: 00:00:00
Multikey QSorting 12 samples
  (Using difference cover)
  Multikey QSorting samples time: 00:00:00
Calculating bucket sizes
Splitting and merging
  Splitting and merging time: 00:00:00
Split 2, merged 6; iterating...
Splitting and merging
  Splitting and merging time: 00:00:00
Split 1, merged 1; iterating...
Splitting and merging
  Splitting and merging time: 00:00:00
Avg bucket size: 1.14404e+06 (target: 1716059)
Converting suffix-array elements to index image
Allocating ftab, absorbFtab
Entering Ebwt loop
Getting block 1 of 8
  Reserving size (1716060) for bucket 1
  Calculating Z arrays for bucket 1
  Entering block accumulator loop for bucket 1:
  bucket 1: 10%
  bucket 1: 20%
  bucket 1: 30%
  bucket 1: 40%
  bucket 1: 50%
  bucket 1: 60%
  bucket 1: 70%
  bucket 1: 80%
  bucket 1: 90%
  bucket 1: 100%
  Sorting block of length 1520121 for bucket 1
  (Using difference cover)
  Sorting block time: 00:00:00
Returning block of 1520122 for bucket 1
Getting block 2 of 8
  Reserving size (1716060) for bucket 2
  Calculating Z arrays for bucket 2
  Entering block accumulator loop for bucket 2:
  bucket 2: 10%
  bucket 2: 20%
  bucket 2: 30%
  bucket 2: 40%
  bucket 2: 50%
  bucket 2: 60%
  bucket 2: 70%
  bucket 2: 80%
  bucket 2: 90%
  bucket 2: 100%
  Sorting block of length 645983 for bucket 2
  (Using difference cover)
  Sorting block time: 00:00:00
Returning block of 645984 for bucket 2
Getting block 3 of 8
  Reserving size (1716060) for bucket 3
  Calculating Z arrays for bucket 3
  Entering block accumulator loop for bucket 3:
  bucket 3: 10%
  bucket 3: 20%
  bucket 3: 30%
  bucket 3: 40%
  bucket 3: 50%
  bucket 3: 60%
  bucket 3: 70%
  bucket 3: 80%
  bucket 3: 90%
  bucket 3: 100%
  Sorting block of length 1115777 for bucket 3
  (Using difference cover)
  Sorting block time: 00:00:00
Returning block of 1115778 for bucket 3
Getting block 4 of 8
  Reserving size (1716060) for bucket 4
  Calculating Z arrays for bucket 4
  Entering block accumulator loop for bucket 4:
  bucket 4: 10%
  bucket 4: 20%
  bucket 4: 30%
  bucket 4: 40%
  bucket 4: 50%
  bucket 4: 60%
  bucket 4: 70%
  bucket 4: 80%
  bucket 4: 90%
  bucket 4: 100%
  Sorting block of length 1612704 for bucket 4
  (Using difference cover)
  Sorting block time: 00:00:01
Returning block of 1612705 for bucket 4
Getting block 5 of 8
  Reserving size (1716060) for bucket 5
  Calculating Z arrays for bucket 5
  Entering block accumulator loop for bucket 5:
  bucket 5: 10%
  bucket 5: 20%
  bucket 5: 30%
  bucket 5: 40%
  bucket 5: 50%
  bucket 5: 60%
  bucket 5: 70%
  bucket 5: 80%
  bucket 5: 90%
  bucket 5: 100%
  Sorting block of length 346543 for bucket 5
  (Using difference cover)
  Sorting block time: 00:00:00
Returning block of 346544 for bucket 5
Getting block 6 of 8
  Reserving size (1716060) for bucket 6
  Calculating Z arrays for bucket 6
  Entering block accumulator loop for bucket 6:
  bucket 6: 10%
  bucket 6: 20%
  bucket 6: 30%
  bucket 6: 40%
  bucket 6: 50%
  bucket 6: 60%
  bucket 6: 70%
  bucket 6: 80%
  bucket 6: 90%
  bucket 6: 100%
  Sorting block of length 1546497 for bucket 6
  (Using difference cover)
  Sorting block time: 00:00:01
Returning block of 1546498 for bucket 6
Getting block 7 of 8
  Reserving size (1716060) for bucket 7
  Calculating Z arrays for bucket 7
  Entering block accumulator loop for bucket 7:
  bucket 7: 10%
  bucket 7: 20%
  bucket 7: 30%
  bucket 7: 40%
  bucket 7: 50%
  bucket 7: 60%
  bucket 7: 70%
  bucket 7: 80%
  bucket 7: 90%
  bucket 7: 100%
  Sorting block of length 1604049 for bucket 7
  (Using difference cover)
  Sorting block time: 00:00:00
Returning block of 1604050 for bucket 7
Getting block 8 of 8
  Reserving size (1716060) for bucket 8
  Calculating Z arrays for bucket 8
  Entering block accumulator loop for bucket 8:
  bucket 8: 10%
  bucket 8: 20%
  bucket 8: 30%
  bucket 8: 40%
  bucket 8: 50%
  bucket 8: 60%
  bucket 8: 70%
  bucket 8: 80%
  bucket 8: 90%
  bucket 8: 100%
  Sorting block of length 760640 for bucket 8
  (Using difference cover)
  Sorting block time: 00:00:00
Returning block of 760641 for bucket 8
Exited Ebwt loop
fchr[A]: 0
fchr[C]: 2981334
fchr[G]: 4741182
fchr[T]: 6609239
fchr[$]: 9152321
Exiting Ebwt::buildToDisk()
Returning from initFromVector
Wrote 7453026 bytes to primary EBWT file: yeast_rsem.rev.1.bt2.tmp
Wrote 2288088 bytes to secondary EBWT file: yeast_rsem.rev.2.bt2.tmp
Re-opening _in1 and _in2 as input streams
Returning from Ebwt constructor
Headers:
    len: 9152321
    bwtLen: 9152322
    sz: 2288081
    bwtSz: 2288081
    lineRate: 6
    offRate: 4
    offMask: 0xfffffff0
    ftabChars: 10
    eftabLen: 20
    eftabSz: 80
    ftabLen: 1048577
    ftabSz: 4194308
    offsLen: 572021
    offsSz: 2288084
    lineSz: 64
    sideSz: 64
    sideBwtSz: 48
    sideBwtLen: 192
    numSides: 47669
    numLines: 47669
    ebwtTotLen: 3050816
    ebwtTotSz: 3050816
    color: 0
    reverse: 1
Total time for backward call to driver() for mirror index: 00:00:06

Reference build complete. Files with prefix: yeast_rsem
